<?xml version="1.0" encoding="UTF-8"?>
<testng-results ignored="0" total="3" passed="3" failed="0" skipped="0">
  <reporter-output>
    <line>
      <![CDATA[M1 is running]]>
    </line>
    <line>
      <![CDATA[M3 is running]]>
    </line>
    <line>
      <![CDATA[M2 is running]]>
    </line>
  </reporter-output>
  <suite started-at="2025-06-18T14:31:43 IST" name="Default suite" finished-at="2025-06-18T14:31:43 IST" duration-ms="128">
    <groups>
    </groups>
    <test started-at="2025-06-18T14:31:43 IST" name="Default test" finished-at="2025-06-18T14:31:43 IST" duration-ms="128">
      <class name="testing.One">
        <test-method signature="m1()[pri:0, instance:testing.One@31304f14]" started-at="2025-06-18T14:31:43 IST" name="m1" finished-at="2025-06-18T14:31:43 IST" duration-ms="19" status="PASS">
          <reporter-output>
            <line>
              <![CDATA[M1 is running]]>
            </line>
          </reporter-output>
        </test-method> <!-- m1 -->
        <test-method signature="m3()[pri:0, instance:testing.One@31304f14]" started-at="2025-06-18T14:31:43 IST" name="m3" finished-at="2025-06-18T14:31:43 IST" duration-ms="4" status="PASS">
          <reporter-output>
            <line>
              <![CDATA[M3 is running]]>
            </line>
          </reporter-output>
        </test-method> <!-- m3 -->
        <test-method signature="m2()[pri:0, instance:testing.One@31304f14]" started-at="2025-06-18T14:31:43 IST" name="m2" finished-at="2025-06-18T14:31:43 IST" depends-on-methods="testing.One.m1" duration-ms="5" status="PASS">
          <reporter-output>
            <line>
              <![CDATA[M2 is running]]>
            </line>
          </reporter-output>
        </test-method> <!-- m2 -->
      </class> <!-- testing.One -->
    </test> <!-- Default test -->
  </suite> <!-- Default suite -->
</testng-results>
